1718289864471|1|statement|select e1_1.etudiant_id,e1_1.ecole_id,e1_1.nom,e1_1.prenom from projet p1_0 join etudiant_projet e1_0 on p1_0.projet_id=e1_0.projet_id join etudiant e1_1 on e1_1.etudiant_id=e1_0.etudiant_id where p1_0.projet_id=1
1718289864527|0|statement|select p1_0.etudiant_id,p1_1.projet_id,p1_1.nom_projet from etudiant_projet p1_0 join projet p1_1 on p1_1.projet_id=p1_0.projet_id where p1_0.etudiant_id=1
1718291274180|15|statement|select * from information_schema.sequences
1718291274273|2|statement|select * from "public"."adresse" where 1=0
1718291274304|2|statement|select * from "public"."ecole" where 1=0
1718291274330|3|statement|select * from "public"."etudiant" where 1=0
1718291274340|1|statement|select * from "public"."projet" where 1=0
1718291281916|1|statement|select e1_1.etudiant_id,e1_1.ecole_id,e1_1.nom,e1_1.prenom from projet p1_0 join etudiant_projet e1_0 on p1_0.projet_id=e1_0.projet_id join etudiant e1_1 on e1_1.etudiant_id=e1_0.etudiant_id where p1_0.projet_id=1
1718291281978|0|statement|select p1_0.etudiant_id,p1_1.projet_id,p1_1.nom_projet from etudiant_projet p1_0 join projet p1_1 on p1_1.projet_id=p1_0.projet_id where p1_0.etudiant_id=1
1718291289492|1|statement|select e1_0.ecole_id,e1_0.adresse_id,e1_0.domaine_ecole,e1_0.nom_ecole from ecole e1_0 offset 0 rows fetch first 5 rows only
1718291289501|0|commit|
1718291289524|0|statement|select e1_0.ecole_id,e1_0.etudiant_id,e1_0.nom,e1_0.prenom from etudiant e1_0 where e1_0.ecole_id = any ('{"1","2","3","4"}')
1718291289527|0|statement|select p1_0.etudiant_id,p1_1.projet_id,p1_1.nom_projet from etudiant_projet p1_0 join projet p1_1 on p1_1.projet_id=p1_0.projet_id where p1_0.etudiant_id = any ('{"1","2","3","4"}')
1718291289535|0|statement|select a1_0.adresse_id,a1_0.code_postal,a1_0.complement_adresse,e1_0.ecole_id,e1_0.domaine_ecole,e1_0.nom_ecole,a1_0.ville from adresse a1_0 left join ecole e1_0 on a1_0.adresse_id=e1_0.adresse_id where a1_0.adresse_id=1
1718291289539|0|statement|select a1_0.adresse_id,a1_0.code_postal,a1_0.complement_adresse,e1_0.ecole_id,e1_0.domaine_ecole,e1_0.nom_ecole,a1_0.ville from adresse a1_0 left join ecole e1_0 on a1_0.adresse_id=e1_0.adresse_id where a1_0.adresse_id=2
1718291289541|0|statement|select a1_0.adresse_id,a1_0.code_postal,a1_0.complement_adresse,e1_0.ecole_id,e1_0.domaine_ecole,e1_0.nom_ecole,a1_0.ville from adresse a1_0 left join ecole e1_0 on a1_0.adresse_id=e1_0.adresse_id where a1_0.adresse_id=3
1718291289543|0|statement|select a1_0.adresse_id,a1_0.code_postal,a1_0.complement_adresse,e1_0.ecole_id,e1_0.domaine_ecole,e1_0.nom_ecole,a1_0.ville from adresse a1_0 left join ecole e1_0 on a1_0.adresse_id=e1_0.adresse_id where a1_0.adresse_id=4
1718291313403|0|statement|select e1_0.ecole_id,sfddddddddddddde1_0.adresse_id,e1_0.domaine_ecole,e1_0.nom_ecole from ecole e1_0 offset 5 rows fetch first 5 rows only
1718291313413|0|statement|select count(e1_0.ecole_id) from ecole e1_0
1718291313414|0|commit|
1718291330532|0|statement|select e1_0.ecole_id,e1_0.adresse_id,e1_0.domaine_ecole,e1_0.nom_ecole from ecole e1_0 offset 1 rows fetch first 1 rows only
1718291330538|0|statement|select count(e1_0.ecole_id) from ecole e1_0
1718291330539|0|commit|
1718291330540|0|statement|select e1_0.ecole_id,e1_0.etudiant_id,e1_0.nom,e1_0.prenom from etudiant e1_0 where e1_0.ecole_id=2
1718291330546|2|statement|select p1_0.etudiant_id,p1_1.projet_id,p1_1.nom_projet from etudiant_projet p1_0 join projet p1_1 on p1_1.projet_id=p1_0.projet_id where p1_0.etudiant_id=2
1718291330557|0|statement|select a1_0.adresse_id,a1_0.code_postal,a1_0.complement_adresse,e1_0.ecole_id,e1_0.domaine_ecole,e1_0.nom_ecole,a1_0.ville from adresse a1_0 left join ecole e1_0 on a1_0.adresse_id=e1_0.adresse_id where a1_0.adresse_id=2
1718291380916|0|statement|select e1_0.ecole_id,e1_0.adresse_id,e1_0.domaine_ecole,e1_0.nom_ecole from ecole e1_0 offset 3 rows fetch first 3 rows only
1718291380917|0|commit|
1718291380919|0|statement|select e1_0.ecole_id,e1_0.etudiant_id,e1_0.nom,e1_0.prenom from etudiant e1_0 where e1_0.ecole_id=4
1718291380920|0|statement|select p1_0.etudiant_id,p1_1.projet_id,p1_1.nom_projet from etudiant_projet p1_0 join projet p1_1 on p1_1.projet_id=p1_0.projet_id where p1_0.etudiant_id=4
1718291380923|0|statement|select a1_0.adresse_id,a1_0.code_postal,a1_0.complement_adresse,e1_0.ecole_id,e1_0.domaine_ecole,e1_0.nom_ecole,a1_0.ville from adresse a1_0 left join ecole e1_0 on a1_0.adresse_id=e1_0.adresse_id where a1_0.adresse_id=4
1718291425349|4|statement|insert into adresse (code_postal,complement_adresse,ville) values (95800,'riendutout','Cergy')
1718291425361|1|statement|insert into ecole (adresse_id,domaine_ecole,nom_ecole) values (5,'informatique','essie-it')
1718291425364|0|statement|insert into etudiant (ecole_id,nom,prenom) values (5,'test','louis')
1718291425365|0|statement|insert into projet (nom_projet) values ('MyParty')
1718291425392|0|statement|insert into etudiant_projet (etudiant_id,projet_id) values (5,5)
1718291425394|0|commit|
1718788642533|8|statement|select * from information_schema.sequences
1718788642583|20|statement|create table review (review_id bigserial not null, comment TEXT, rating integer not null, reviewer_id bigint not null, user_id bigint not null, primary key (review_id))
1718788642597|12|statement|create table utilisateur (utilisateur_id bigserial not null, age integer not null, city varchar(255), email varchar(255), interests varchar(255), password varchar(255), region varchar(255), primary key (utilisateur_id))
1718788642603|4|statement|alter table if exists review add constraint FKgdpv40nq56fm3eb6fl0ld3wce foreign key (reviewer_id) references utilisateur
1718788642607|3|statement|alter table if exists review add constraint FKm148i4fvhh1nvxi73bjsx1c9q foreign key (user_id) references utilisateur
1718788684930|9|statement|select * from information_schema.sequences
1718788684992|1|statement|select * from "public"."utilisateur" where 1=0
1718788685006|1|statement|select * from "public"."utilisateur" where 1=0
1718789666741|6|statement|select * from information_schema.sequences
1718789666790|2|statement|select * from "public"."utilisateur" where 1=0
1718789666802|1|statement|select * from "public"."utilisateur" where 1=0
1718789710804|8|statement|select * from information_schema.sequences
1718789710856|1|statement|select * from "public"."utilisateur" where 1=0
1718789710870|1|statement|select * from "public"."utilisateur" where 1=0
1718789868459|5|statement|select * from information_schema.sequences
1718789868500|1|statement|select * from "public"."utilisateur" where 1=0
1718789868510|1|statement|select * from "public"."utilisateur" where 1=0
1718789873921|3|statement|insert into utilisateur (age,city,email,interests,password,region) values (0,NULL,NULL,NULL,NULL,NULL)
1718789873944|2|commit|
1718789874033|1|statement|insert into utilisateur (age,city,email,interests,password,region) values (0,NULL,NULL,NULL,NULL,NULL)
1718789874041|7|commit|
1718789874051|1|statement|insert into utilisateur (age,city,email,interests,password,region) values (0,NULL,NULL,NULL,NULL,NULL)
1718789874054|2|commit|
1718789874064|1|statement|insert into utilisateur (age,city,email,interests,password,region) values (0,NULL,NULL,NULL,NULL,NULL)
1718789874068|2|commit|
1718789874078|1|statement|insert into utilisateur (age,city,email,interests,password,region) values (0,NULL,NULL,NULL,NULL,NULL)
1718789874081|2|commit|
1718789874092|1|statement|insert into utilisateur (age,city,email,interests,password,region) values (0,NULL,NULL,NULL,NULL,NULL)
1718789874095|2|commit|
1718789874105|1|statement|insert into utilisateur (age,city,email,interests,password,region) values (0,NULL,NULL,NULL,NULL,NULL)
1718789874108|2|commit|
1718789874118|1|statement|insert into utilisateur (age,city,email,interests,password,region) values (0,NULL,NULL,NULL,NULL,NULL)
1718789874121|2|commit|
1718789874131|1|statement|insert into utilisateur (age,city,email,interests,password,region) values (0,NULL,NULL,NULL,NULL,NULL)
1718789874134|2|commit|
1718789874144|1|statement|insert into utilisateur (age,city,email,interests,password,region) values (0,NULL,NULL,NULL,NULL,NULL)
1718789874148|2|commit|
1718789882188|1|statement|select u1_0.utilisateur_id,u1_0.age,u1_0.city,u1_0.email,u1_0.interests,u1_0.password,u1_0.region from utilisateur u1_0 offset 0 rows fetch first 10 rows only
1718789882208|1|statement|select count(u1_0.utilisateur_id) from utilisateur u1_0
1718789882211|1|commit|
1718789911285|6|statement|select * from information_schema.sequences
1718789911343|1|statement|select * from "public"."utilisateur" where 1=0
1718789911355|1|statement|select * from "public"."utilisateur" where 1=0
1718789928374|2|statement|insert into utilisateur (age,city,email,interests,password,region) values (0,NULL,NULL,NULL,NULL,NULL)
1718789928395|7|commit|
1718789929250|1|statement|insert into utilisateur (age,city,email,interests,password,region) values (0,NULL,NULL,NULL,NULL,NULL)
1718789929258|7|commit|
1718789930264|1|statement|insert into utilisateur (age,city,email,interests,password,region) values (0,NULL,NULL,NULL,NULL,NULL)
1718789930272|7|commit|
1718789930698|1|statement|insert into utilisateur (age,city,email,interests,password,region) values (0,NULL,NULL,NULL,NULL,NULL)
1718789930702|2|commit|
1718789931069|1|statement|insert into utilisateur (age,city,email,interests,password,region) values (0,NULL,NULL,NULL,NULL,NULL)
1718789931077|7|commit|
1718789932279|1|statement|insert into utilisateur (age,city,email,interests,password,region) values (0,NULL,NULL,NULL,NULL,NULL)
1718789932287|7|commit|
1718789932860|1|statement|insert into utilisateur (age,city,email,interests,password,region) values (0,NULL,NULL,NULL,NULL,NULL)
1718789932863|2|commit|
1718789933427|1|statement|insert into utilisateur (age,city,email,interests,password,region) values (0,NULL,NULL,NULL,NULL,NULL)
1718789933436|7|commit|
1718789933988|1|statement|insert into utilisateur (age,city,email,interests,password,region) values (0,NULL,NULL,NULL,NULL,NULL)
1718789933992|3|commit|
1718789934313|1|statement|insert into utilisateur (age,city,email,interests,password,region) values (0,NULL,NULL,NULL,NULL,NULL)
1718789934317|3|commit|
1718789938740|1|statement|select u1_0.utilisateur_id,u1_0.age,u1_0.city,u1_0.email,u1_0.interests,u1_0.password,u1_0.region from utilisateur u1_0 offset 0 rows fetch first 10 rows only
1718789938759|1|statement|select count(u1_0.utilisateur_id) from utilisateur u1_0
1718789938762|1|commit|
1718790028037|2|statement|insert into utilisateur (age,city,email,interests,password,region) values (0,NULL,NULL,NULL,NULL,NULL)
1718790028045|7|commit|
1718790030159|1|statement|insert into utilisateur (age,city,email,interests,password,region) values (0,NULL,NULL,NULL,NULL,NULL)
1718790030167|7|commit|
1718790030175|1|statement|insert into utilisateur (age,city,email,interests,password,region) values (0,NULL,NULL,NULL,NULL,NULL)
1718790030179|2|commit|
1718790030187|1|statement|insert into utilisateur (age,city,email,interests,password,region) values (0,NULL,NULL,NULL,NULL,NULL)
1718790030190|2|commit|
1718790030198|1|statement|insert into utilisateur (age,city,email,interests,password,region) values (0,NULL,NULL,NULL,NULL,NULL)
1718790030202|2|commit|
1718790030213|1|statement|insert into utilisateur (age,city,email,interests,password,region) values (0,NULL,NULL,NULL,NULL,NULL)
1718790030216|2|commit|
1718790030225|1|statement|insert into utilisateur (age,city,email,interests,password,region) values (0,NULL,NULL,NULL,NULL,NULL)
1718790030228|2|commit|
1718790030238|1|statement|insert into utilisateur (age,city,email,interests,password,region) values (0,NULL,NULL,NULL,NULL,NULL)
1718790030242|3|commit|
1718790030249|1|statement|insert into utilisateur (age,city,email,interests,password,region) values (0,NULL,NULL,NULL,NULL,NULL)
1718790030253|2|commit|
1718790030261|1|statement|insert into utilisateur (age,city,email,interests,password,region) values (0,NULL,NULL,NULL,NULL,NULL)
1718790030264|2|commit|
1718790033738|1|statement|insert into utilisateur (age,city,email,interests,password,region) values (0,NULL,NULL,NULL,NULL,NULL)
1718790033745|6|commit|
1718790033754|1|statement|insert into utilisateur (age,city,email,interests,password,region) values (0,NULL,NULL,NULL,NULL,NULL)
1718790033757|2|commit|
1718790033766|1|statement|insert into utilisateur (age,city,email,interests,password,region) values (0,NULL,NULL,NULL,NULL,NULL)
1718790033768|2|commit|
1718790033780|1|statement|insert into utilisateur (age,city,email,interests,password,region) values (0,NULL,NULL,NULL,NULL,NULL)
1718790033783|2|commit|
1718790033791|1|statement|insert into utilisateur (age,city,email,interests,password,region) values (0,NULL,NULL,NULL,NULL,NULL)
1718790033794|2|commit|
1718790033804|1|statement|insert into utilisateur (age,city,email,interests,password,region) values (0,NULL,NULL,NULL,NULL,NULL)
1718790033807|2|commit|
1718790033816|1|statement|insert into utilisateur (age,city,email,interests,password,region) values (0,NULL,NULL,NULL,NULL,NULL)
1718790033819|2|commit|
1718790033829|1|statement|insert into utilisateur (age,city,email,interests,password,region) values (0,NULL,NULL,NULL,NULL,NULL)
1718790033832|2|commit|
1718790033842|1|statement|insert into utilisateur (age,city,email,interests,password,region) values (0,NULL,NULL,NULL,NULL,NULL)
1718790033845|2|commit|
1718790033855|1|statement|insert into utilisateur (age,city,email,interests,password,region) values (0,NULL,NULL,NULL,NULL,NULL)
1718790033859|2|commit|
1718790047260|1|statement|insert into utilisateur (age,city,email,interests,password,region) values (0,NULL,NULL,NULL,NULL,NULL)
1718790047267|6|commit|
1718790047276|1|statement|insert into utilisateur (age,city,email,interests,password,region) values (0,NULL,NULL,NULL,NULL,NULL)
1718790047279|2|commit|
1718790047287|1|statement|insert into utilisateur (age,city,email,interests,password,region) values (0,NULL,NULL,NULL,NULL,NULL)
1718790047290|2|commit|
1718790047298|1|statement|insert into utilisateur (age,city,email,interests,password,region) values (0,NULL,NULL,NULL,NULL,NULL)
1718790047302|2|commit|
1718790047310|1|statement|insert into utilisateur (age,city,email,interests,password,region) values (0,NULL,NULL,NULL,NULL,NULL)
1718790047313|2|commit|
1718790047325|2|statement|insert into utilisateur (age,city,email,interests,password,region) values (0,NULL,NULL,NULL,NULL,NULL)
1718790047328|2|commit|
1718790047338|1|statement|insert into utilisateur (age,city,email,interests,password,region) values (0,NULL,NULL,NULL,NULL,NULL)
1718790047341|3|commit|
1718790047350|1|statement|insert into utilisateur (age,city,email,interests,password,region) values (0,NULL,NULL,NULL,NULL,NULL)
1718790047353|2|commit|
1718790047362|1|statement|insert into utilisateur (age,city,email,interests,password,region) values (0,NULL,NULL,NULL,NULL,NULL)
1718790047365|2|commit|
1718790047375|1|statement|insert into utilisateur (age,city,email,interests,password,region) values (0,NULL,NULL,NULL,NULL,NULL)
1718790047377|2|commit|
1718790085421|1|statement|insert into utilisateur (age,city,email,interests,password,region) values (0,NULL,NULL,NULL,NULL,NULL)
1718790085425|3|commit|
1718790085436|1|statement|insert into utilisateur (age,city,email,interests,password,region) values (0,NULL,NULL,NULL,NULL,NULL)
1718790085440|2|commit|
1718790085451|1|statement|insert into utilisateur (age,city,email,interests,password,region) values (0,NULL,NULL,NULL,NULL,NULL)
1718790085455|3|commit|
1718790085465|1|statement|insert into utilisateur (age,city,email,interests,password,region) values (0,NULL,NULL,NULL,NULL,NULL)
1718790085469|2|commit|
1718790085480|1|statement|insert into utilisateur (age,city,email,interests,password,region) values (0,NULL,NULL,NULL,NULL,NULL)
1718790085485|5|commit|
1718790098104|8|statement|select * from information_schema.sequences
1718790098173|2|statement|select * from "public"."utilisateur" where 1=0
1718790098187|1|statement|select * from "public"."utilisateur" where 1=0
1718790101058|16|statement|select * from information_schema.sequences
1718790101256|2|statement|select * from "public"."utilisateur" where 1=0
1718790101280|2|statement|select * from "public"."utilisateur" where 1=0
1718790117850|2|statement|insert into utilisateur (age,city,email,interests,password,region) values (0,NULL,NULL,NULL,NULL,NULL)
1718790117874|7|commit|
1718790122383|1|statement|insert into utilisateur (age,city,email,interests,password,region) values (0,NULL,NULL,NULL,NULL,NULL)
1718790122392|7|commit|
1718790122401|1|statement|insert into utilisateur (age,city,email,interests,password,region) values (0,NULL,NULL,NULL,NULL,NULL)
1718790122404|2|commit|
1718790122414|1|statement|insert into utilisateur (age,city,email,interests,password,region) values (0,NULL,NULL,NULL,NULL,NULL)
1718790122418|3|commit|
1718790122428|1|statement|insert into utilisateur (age,city,email,interests,password,region) values (0,NULL,NULL,NULL,NULL,NULL)
1718790122431|2|commit|
1718790122440|1|statement|insert into utilisateur (age,city,email,interests,password,region) values (0,NULL,NULL,NULL,NULL,NULL)
1718790122444|2|commit|
1718790122453|1|statement|insert into utilisateur (age,city,email,interests,password,region) values (0,NULL,NULL,NULL,NULL,NULL)
1718790122456|2|commit|
1718790122466|1|statement|insert into utilisateur (age,city,email,interests,password,region) values (0,NULL,NULL,NULL,NULL,NULL)
1718790122469|2|commit|
1718790122479|1|statement|insert into utilisateur (age,city,email,interests,password,region) values (0,NULL,NULL,NULL,NULL,NULL)
1718790122482|3|commit|
1718790122493|1|statement|insert into utilisateur (age,city,email,interests,password,region) values (0,NULL,NULL,NULL,NULL,NULL)
1718790122496|2|commit|
1718790125361|1|statement|select u1_0.utilisateur_id,u1_0.age,u1_0.city,u1_0.email,u1_0.interests,u1_0.password,u1_0.region from utilisateur u1_0 offset 0 rows fetch first 10 rows only
1718790125379|1|statement|select count(u1_0.utilisateur_id) from utilisateur u1_0
1718790125383|1|commit|
1718790144141|1|statement|insert into utilisateur (age,city,email,interests,password,region) values (0,NULL,NULL,NULL,NULL,NULL)
1718790144149|7|commit|
1718790144157|1|statement|insert into utilisateur (age,city,email,interests,password,region) values (0,NULL,NULL,NULL,NULL,NULL)
1718790144160|2|commit|
1718790144168|1|statement|insert into utilisateur (age,city,email,interests,password,region) values (0,NULL,NULL,NULL,NULL,NULL)
1718790144172|2|commit|
1718790144181|1|statement|insert into utilisateur (age,city,email,interests,password,region) values (0,NULL,NULL,NULL,NULL,NULL)
1718790144184|2|commit|
1718790144193|1|statement|insert into utilisateur (age,city,email,interests,password,region) values (0,NULL,NULL,NULL,NULL,NULL)
1718790144197|2|commit|
1718790144210|1|statement|insert into utilisateur (age,city,email,interests,password,region) values (0,NULL,NULL,NULL,NULL,NULL)
1718790144213|2|commit|
1718790144223|1|statement|insert into utilisateur (age,city,email,interests,password,region) values (0,NULL,NULL,NULL,NULL,NULL)
1718790144227|2|commit|
1718790144236|1|statement|insert into utilisateur (age,city,email,interests,password,region) values (0,NULL,NULL,NULL,NULL,NULL)
1718790144239|2|commit|
1718790144248|1|statement|insert into utilisateur (age,city,email,interests,password,region) values (0,NULL,NULL,NULL,NULL,NULL)
1718790144251|2|commit|
1718790144260|1|statement|insert into utilisateur (age,city,email,interests,password,region) values (0,NULL,NULL,NULL,NULL,NULL)
1718790144264|2|commit|
1718790167899|1|statement|insert into utilisateur (age,city,email,interests,password,region) values (0,NULL,NULL,NULL,NULL,NULL)
1718790167904|2|commit|
1718790204926|2|statement|insert into utilisateur (age,city,email,interests,password,region) values (0,NULL,NULL,NULL,NULL,NULL)
1718790204936|7|commit|
1718790204947|1|statement|insert into utilisateur (age,city,email,interests,password,region) values (0,NULL,NULL,NULL,NULL,NULL)
1718790204950|2|commit|
1718790204960|1|statement|insert into utilisateur (age,city,email,interests,password,region) values (0,NULL,NULL,NULL,NULL,NULL)
1718790204964|2|commit|
1718790204974|2|statement|insert into utilisateur (age,city,email,interests,password,region) values (0,NULL,NULL,NULL,NULL,NULL)
1718790204978|2|commit|
1718790216862|10|statement|select * from information_schema.sequences
1718790216915|1|statement|select * from "public"."utilisateur" where 1=0
1718790216927|1|statement|select * from "public"."utilisateur" where 1=0
1718790257348|5|statement|insert into utilisateur (age,city,email,interests,password,region) values (0,NULL,NULL,NULL,NULL,NULL)
1718790257405|9|commit|
1718790329249|2|statement|insert into utilisateur (age,city,email,interests,password,region) values (0,NULL,NULL,NULL,NULL,NULL)
1718790329259|7|commit|
1718790329272|2|statement|insert into utilisateur (age,city,email,interests,password,region) values (0,NULL,NULL,NULL,NULL,NULL)
1718790329277|3|commit|
1718790329287|1|statement|insert into utilisateur (age,city,email,interests,password,region) values (0,NULL,NULL,NULL,NULL,NULL)
1718790329291|2|commit|
1718790329302|2|statement|insert into utilisateur (age,city,email,interests,password,region) values (0,NULL,NULL,NULL,NULL,NULL)
1718790329306|3|commit|
1718790339912|7|statement|select * from information_schema.sequences
1718790339967|1|statement|select * from "public"."utilisateur" where 1=0
1718790339978|1|statement|select * from "public"."utilisateur" where 1=0
1718790414813|3|statement|insert into utilisateur (age,city,email,interests,password,region) values (0,NULL,NULL,NULL,NULL,NULL)
1718790414835|7|commit|
1718790424204|7|statement|select * from information_schema.sequences
1718790424244|1|statement|select * from "public"."utilisateur" where 1=0
1718790424253|0|statement|select * from "public"."utilisateur" where 1=0
1718790581034|5|statement|select * from information_schema.sequences
1718790581067|18|statement|create table review (review_id bigserial not null, comment TEXT, rating integer not null, reviewer_id bigint not null, user_id bigint not null, primary key (review_id))
1718790581078|10|statement|create table utilisateur (utilisateur_id bigserial not null, age integer not null, city varchar(255), email varchar(255), interests varchar(255), password varchar(255), region varchar(255), primary key (utilisateur_id))
1718790581082|3|statement|alter table if exists review add constraint FKgdpv40nq56fm3eb6fl0ld3wce foreign key (reviewer_id) references utilisateur
1718790581086|3|statement|alter table if exists review add constraint FKm148i4fvhh1nvxi73bjsx1c9q foreign key (user_id) references utilisateur
1718790586220|4|statement|insert into utilisateur (age,city,email,interests,password,region) values (0,NULL,NULL,NULL,NULL,NULL)
1718790586243|3|commit|
1718790586280|1|statement|insert into utilisateur (age,city,email,interests,password,region) values (0,NULL,NULL,NULL,NULL,NULL)
1718790586283|2|commit|
1718790586293|1|statement|insert into utilisateur (age,city,email,interests,password,region) values (0,NULL,NULL,NULL,NULL,NULL)
1718790586296|2|commit|
1718790586306|1|statement|insert into utilisateur (age,city,email,interests,password,region) values (0,NULL,NULL,NULL,NULL,NULL)
1718790586310|2|commit|
1718790586319|1|statement|insert into utilisateur (age,city,email,interests,password,region) values (0,NULL,NULL,NULL,NULL,NULL)
1718790586322|2|commit|
1718790586331|1|statement|insert into utilisateur (age,city,email,interests,password,region) values (0,NULL,NULL,NULL,NULL,NULL)
1718790586334|2|commit|
1718790586343|1|statement|insert into utilisateur (age,city,email,interests,password,region) values (0,NULL,NULL,NULL,NULL,NULL)
1718790586346|2|commit|
1718790586354|1|statement|insert into utilisateur (age,city,email,interests,password,region) values (0,NULL,NULL,NULL,NULL,NULL)
1718790586358|2|commit|
1718790586368|1|statement|insert into utilisateur (age,city,email,interests,password,region) values (0,NULL,NULL,NULL,NULL,NULL)
1718790586371|2|commit|
1718790586382|1|statement|insert into utilisateur (age,city,email,interests,password,region) values (0,NULL,NULL,NULL,NULL,NULL)
1718790586385|3|commit|
1718790633996|8|statement|select * from information_schema.sequences
1718790634034|1|statement|select * from "public"."utilisateur" where 1=0
1718790634042|1|statement|select * from "public"."utilisateur" where 1=0
1718790640581|2|statement|insert into utilisateur (age,city,email,interests,password,region) values (0,NULL,NULL,NULL,NULL,NULL)
1718790640614|7|commit|
1718790640660|1|statement|insert into utilisateur (age,city,email,interests,password,region) values (0,NULL,NULL,NULL,NULL,NULL)
1718790640663|2|commit|
1718790640675|1|statement|insert into utilisateur (age,city,email,interests,password,region) values (0,NULL,NULL,NULL,NULL,NULL)
1718790640678|2|commit|
1718790640690|1|statement|insert into utilisateur (age,city,email,interests,password,region) values (0,NULL,NULL,NULL,NULL,NULL)
1718790640694|2|commit|
1718790640704|2|statement|insert into utilisateur (age,city,email,interests,password,region) values (0,NULL,NULL,NULL,NULL,NULL)
1718790640708|2|commit|
1718790640718|1|statement|insert into utilisateur (age,city,email,interests,password,region) values (0,NULL,NULL,NULL,NULL,NULL)
1718790640721|2|commit|
1718790640731|1|statement|insert into utilisateur (age,city,email,interests,password,region) values (0,NULL,NULL,NULL,NULL,NULL)
1718790640734|2|commit|
1718790640745|1|statement|insert into utilisateur (age,city,email,interests,password,region) values (0,NULL,NULL,NULL,NULL,NULL)
1718790640748|2|commit|
1718790640757|1|statement|insert into utilisateur (age,city,email,interests,password,region) values (0,NULL,NULL,NULL,NULL,NULL)
1718790640760|2|commit|
1718790640772|1|statement|insert into utilisateur (age,city,email,interests,password,region) values (0,NULL,NULL,NULL,NULL,NULL)
1718790640776|3|commit|
1718790672627|5|statement|select * from information_schema.sequences
1718790672662|1|statement|select * from "public"."utilisateur" where 1=0
1718790672671|0|statement|select * from "public"."utilisateur" where 1=0
1718790684272|5|statement|insert into utilisateur (age,city,email,interests,password,region) values (0,NULL,NULL,NULL,NULL,NULL)
1718790684305|7|commit|
1718790684339|1|statement|insert into utilisateur (age,city,email,interests,password,region) values (0,NULL,NULL,NULL,NULL,NULL)
1718790684342|2|commit|
1718790684352|1|statement|insert into utilisateur (age,city,email,interests,password,region) values (0,NULL,NULL,NULL,NULL,NULL)
1718790684356|2|commit|
1718790684365|1|statement|insert into utilisateur (age,city,email,interests,password,region) values (0,NULL,NULL,NULL,NULL,NULL)
1718790684368|2|commit|
1718790684377|1|statement|insert into utilisateur (age,city,email,interests,password,region) values (0,NULL,NULL,NULL,NULL,NULL)
1718790684379|1|commit|
1718790684388|1|statement|insert into utilisateur (age,city,email,interests,password,region) values (0,NULL,NULL,NULL,NULL,NULL)
1718790684391|2|commit|
1718790684400|1|statement|insert into utilisateur (age,city,email,interests,password,region) values (0,NULL,NULL,NULL,NULL,NULL)
1718790684403|2|commit|
1718790684412|1|statement|insert into utilisateur (age,city,email,interests,password,region) values (0,NULL,NULL,NULL,NULL,NULL)
1718790684415|2|commit|
1718790684424|1|statement|insert into utilisateur (age,city,email,interests,password,region) values (0,NULL,NULL,NULL,NULL,NULL)
1718790684428|2|commit|
1718790684436|1|statement|insert into utilisateur (age,city,email,interests,password,region) values (0,NULL,NULL,NULL,NULL,NULL)
1718790684439|2|commit|
1718790760410|7|statement|select * from information_schema.sequences
1718790760457|1|statement|select * from "public"."utilisateur" where 1=0
1718790760468|1|statement|select * from "public"."utilisateur" where 1=0
1718790769430|4|statement|insert into utilisateur (age,city,email,interests,password,region) values (55,'Lake Robertchester','heather83@example.com','bit, look, red','+I*@a8Ng^!','South Carolina')
1718790769457|7|commit|
1718790769502|2|statement|insert into utilisateur (age,city,email,interests,password,region) values (63,'Rhondafurt','jamespena@example.net','move, letter, brother','(x*RFf$ts7','Michigan')
1718790769506|2|commit|
1718790769516|1|statement|insert into utilisateur (age,city,email,interests,password,region) values (24,'Sheriside','emilyguzman@example.com','concern, manage, daughter','SK7UHWhF!M','Mississippi')
1718790769519|2|commit|
1718790769529|1|statement|insert into utilisateur (age,city,email,interests,password,region) values (44,'East Michaelside','tiffany82@example.com','power, growth, meet','3iKdf!0i%1','Tennessee')
1718790769532|2|commit|
1718790769543|2|statement|insert into utilisateur (age,city,email,interests,password,region) values (36,'Ninahaven','gregorynichols@example.net','vote, type, box','^FSl0Zwl_6','Kansas')
1718790769546|2|commit|
1718790769556|1|statement|insert into utilisateur (age,city,email,interests,password,region) values (57,'Stacyburgh','thale@example.com','foreign, house, production','7G*41Dorp&','North Dakota')
1718790769559|2|commit|
1718790769568|1|statement|insert into utilisateur (age,city,email,interests,password,region) values (45,'Vanessamouth','jessicawest@example.com','store, relationship, keep','*32Yqpjbgn','Virginia')
1718790769571|2|commit|
1718790769580|1|statement|insert into utilisateur (age,city,email,interests,password,region) values (30,'Lake Daniel','erica60@example.org','year, in, population','J9OUhMgJ_s','North Carolina')
1718790769582|2|commit|
1718790769591|1|statement|insert into utilisateur (age,city,email,interests,password,region) values (35,'Gonzalezside','geraldrobertson@example.org','soon, truth, as','!^v0OMPzcw','North Carolina')
1718790769594|2|commit|
1718790769603|1|statement|insert into utilisateur (age,city,email,interests,password,region) values (20,'Lopezbury','deborahgutierrez@example.net','range, offer, first','@9ndzK&D_s','Nevada')
1718790769606|2|commit|
1718790873988|1|statement|select u1_0.utilisateur_id,u1_0.age,u1_0.city,u1_0.email,u1_0.interests,u1_0.password,u1_0.region from utilisateur u1_0 offset 0 rows fetch first 10 rows only
1718790874004|1|statement|select count(u1_0.utilisateur_id) from utilisateur u1_0
1718790874007|1|commit|
1718790874022|1|statement|insert into utilisateur (age,city,email,interests,password,region) values (30,'New York','test@example.com','coding, reading','password123','NY')
1718790874030|7|commit|
1718790879983|1|statement|insert into utilisateur (age,city,email,interests,password,region) values (30,'New York','test@example.com','coding, reading','password123','NY')
1718790879990|6|commit|
1718790933665|1|statement|insert into utilisateur (age,city,email,interests,password,region) values (30,'New York','test@example.com','coding, reading','password123','NY')
1718790933672|6|commit|
1718790933681|0|rollback|
1718790962704|1|statement|insert into utilisateur (age,city,email,interests,password,region) values (30,'New York','test@example.com','coding, reading','password123','NY')
1718790962712|7|commit|
1718790962721|0|rollback|
1718791025270|1|statement|insert into utilisateur (age,city,email,interests,password,region) values (30,'New York','test@example.com','coding, reading','password123','NY')
1718791025277|6|commit|
1718791025286|0|rollback|
1718791136525|1|statement|insert into utilisateur (age,city,email,interests,password,region) values (30,'New York','test@example.com','coding, reading','password123','NY')
1718791136533|7|commit|
1718791136544|1|statement|insert into utilisateur (age,city,email,interests,password,region) values (30,'New York','test@example.com','coding, reading','password123','NY')
1718791136546|2|commit|
1718791136740|1|statement|insert into utilisateur (age,city,email,interests,password,region) values (30,'New York','test@example.com','coding, reading','password123','NY')
1718791136747|7|commit|
1718791136768|1|statement|insert into utilisateur (age,city,email,interests,password,region) values (30,'New York','test@example.com','coding, reading','password123','NY')
1718791136771|2|commit|
1718791155140|6|statement|select * from information_schema.sequences
1718791155183|1|statement|select * from "public"."utilisateur" where 1=0
1718791155192|0|statement|select * from "public"."utilisateur" where 1=0
1718791159166|2|statement|select u1_0.utilisateur_id,u1_0.age,u1_0.city,u1_0.email,u1_0.interests,u1_0.password,u1_0.region from utilisateur u1_0 offset 0 rows fetch first 10 rows only
1718791159191|1|statement|select count(u1_0.utilisateur_id) from utilisateur u1_0
1718791159195|1|commit|
1718791159314|5|statement|insert into utilisateur (age,city,email,interests,password,region) values (30,'New York','test@example.com','coding, reading','password123','NY')
1718791159337|7|commit|
1718791159350|1|statement|insert into utilisateur (age,city,email,interests,password,region) values (30,'New York','test@example.com','coding, reading','password123','NY')
1718791159353|2|commit|
1718791159589|1|statement|insert into utilisateur (age,city,email,interests,password,region) values (30,'New York','test@example.com','coding, reading','password123','NY')
1718791159597|7|commit|
1718791159623|1|statement|insert into utilisateur (age,city,email,interests,password,region) values (30,'New York','test@example.com','coding, reading','password123','NY')
1718791159626|2|commit|
1718796071644|6|statement|select * from information_schema.sequences
1718796071687|18|statement|create table party (party_id bigserial not null, date timestamp(6), description varchar(255), is_paid boolean not null, location varchar(255), max_participants integer not null, name varchar(255), party_type varchar(255) check (party_type in ('CLASSIC','VIDEO_GAME','BOARD_GAME')), primary key (party_id))
1718796071713|1|statement|select * from "public"."utilisateur" where 1=0
1718796071724|1|statement|select * from "public"."utilisateur" where 1=0
1718796223408|2|statement|select u1_0.utilisateur_id,u1_0.age,u1_0.city,u1_0.email,u1_0.interests,u1_0.password,u1_0.region from utilisateur u1_0 offset 0 rows fetch first 10 rows only
1718796223429|1|statement|select count(u1_0.utilisateur_id) from utilisateur u1_0
1718796223435|1|commit|
1718796223476|2|statement|insert into utilisateur (age,city,email,interests,password,region) values (30,'New York','test@example.com','coding, reading','password123','NY')
1718796223488|3|commit|
1718796223500|1|statement|insert into utilisateur (age,city,email,interests,password,region) values (30,'New York','test@example.com','coding, reading','password123','NY')
1718796223503|2|commit|
1718796223702|1|statement|insert into utilisateur (age,city,email,interests,password,region) values (30,'New York','test@example.com','coding, reading','password123','NY')
1718796223710|6|commit|
1718796223733|1|statement|insert into utilisateur (age,city,email,interests,password,region) values (30,'New York','test@example.com','coding, reading','password123','NY')
1718796223736|2|commit|
1718796274517|1|statement|insert into utilisateur (age,city,email,interests,password,region) values (38,'Carterview','rachelscott@example.com','his, others, way','C&go8HvvDp','Texas')
1718796274525|7|commit|
1718796274534|1|statement|insert into utilisateur (age,city,email,interests,password,region) values (65,'New Heather','hickmanerin@example.net','film, beyond, work','14Q4Rpwz^4','Pennsylvania')
1718796274537|2|commit|
1718796274547|1|statement|insert into utilisateur (age,city,email,interests,password,region) values (21,'East Dylanland','matthewsjames@example.net','card, training, more','CW(FpDws%8','Washington')
1718796274550|2|commit|
1718796274559|1|statement|insert into utilisateur (age,city,email,interests,password,region) values (55,'New Janetton','dlittle@example.com','view, base, weight','fJ6CKYa!%v','Kentucky')
1718796274563|2|commit|
1718796274571|1|statement|insert into utilisateur (age,city,email,interests,password,region) values (27,'Robertsmouth','hogannathaniel@example.org','yourself, bit, pattern','6YPsU3(q&k','Delaware')
1718796274574|2|commit|
1718796274584|1|statement|insert into utilisateur (age,city,email,interests,password,region) values (42,'North Josephtown','clewis@example.com','sell, help, born','!W%0!J7up8','Massachusetts')
1718796274587|2|commit|
1718796274595|1|statement|insert into utilisateur (age,city,email,interests,password,region) values (45,'Danielland','bthomas@example.org','require, more, particularly','R7fBdwGuL#','Wyoming')
1718796274599|2|commit|
1718796274607|1|statement|insert into utilisateur (age,city,email,interests,password,region) values (32,'Lake Diane','hdavis@example.net','simple, child, specific',')KNO9dSki7','Florida')
1718796274609|2|commit|
1718796274618|1|statement|insert into utilisateur (age,city,email,interests,password,region) values (18,'Danielborough','nicolefisher@example.net','character, grow, make','iR7VyXag%U','Delaware')
1718796274621|2|commit|
1718796274630|1|statement|insert into utilisateur (age,city,email,interests,password,region) values (48,'North Lauraborough','vcantrell@example.org','though, under, meeting','+j^0dyQo(2','Maine')
1718796274632|2|commit|
1718796336293|5|statement|select * from information_schema.sequences
1718796336341|1|statement|select * from "public"."utilisateur" where 1=0
1718796336351|1|statement|select * from "public"."utilisateur" where 1=0
1718796342672|2|statement|select u1_0.utilisateur_id,u1_0.age,u1_0.city,u1_0.email,u1_0.interests,u1_0.password,u1_0.region from utilisateur u1_0 offset 0 rows fetch first 10 rows only
1718796342699|1|statement|select count(u1_0.utilisateur_id) from utilisateur u1_0
1718796342704|1|commit|
1718796342825|2|statement|insert into utilisateur (age,city,email,interests,password,region) values (30,'New York','test@example.com','coding, reading','password123','NY')
1718796342841|7|commit|
1718796342853|1|statement|insert into utilisateur (age,city,email,interests,password,region) values (30,'New York','test@example.com','coding, reading','password123','NY')
1718796342856|2|commit|
1718796429852|1|statement|insert into utilisateur (age,city,email,interests,password,region) values (37,'South Martin','taylortimothy@example.org','something, security, look','O584Ttfv%r','Kansas')
1718796429860|7|commit|
1718796429871|1|statement|insert into utilisateur (age,city,email,interests,password,region) values (52,'Aprilburgh','jasminehurst@example.com','reach, television, produce','*bye5FMycs','Missouri')
1718796429875|2|commit|
1718796457709|1|statement|insert into utilisateur (age,city,email,interests,password,region) values (63,'Jessehaven','sarah38@example.net','western, painting, scientist','xP1ZlUwMQ^','Maine')
1718796457717|7|commit|
1718796457726|1|statement|insert into utilisateur (age,city,email,interests,password,region) values (60,'North Christopherview','nicholashobbs@example.net','study, own, energy','!TiGhyc_X3','Minnesota')
1718796457730|2|commit|
1718797662437|5|statement|select * from information_schema.sequences
1718797662473|1|statement|select * from "public"."utilisateur" where 1=0
1718797662482|1|statement|select * from "public"."utilisateur" where 1=0
1718797753126|6|statement|select * from information_schema.sequences
1718797753180|1|statement|select * from "public"."utilisateur" where 1=0
1718797753193|1|statement|select * from "public"."utilisateur" where 1=0
1718797759091|3|statement|select u1_0.utilisateur_id,u1_0.age,u1_0.city,u1_0.email,u1_0.interests,u1_0.password,u1_0.region from utilisateur u1_0 where u1_0.utilisateur_id=1
1718797759093|3|statement|insert into utilisateur (age,city,email,interests,password,region) values (21,'Shawfurt','valenciadarlene@example.org','coach, air, mother','V)tn3Zidhh','Wyoming')
1718797759102|1|commit|
1718797759118|7|commit|
1718797759143|1|statement|insert into utilisateur (age,city,email,interests,password,region) values (44,'Jacquelinefort','ukramer@example.net','view, still, husband','n@0cPK%qGD','Nebraska')
1718797759146|2|commit|
1718797759161|2|statement|insert into utilisateur (age,city,email,interests,password,region) values (24,'Johnsonberg','carloshall@example.com','position, factor, Democrat','WxC*Gduc+2','Minnesota')
1718797759165|2|commit|
1718797759179|2|statement|insert into utilisateur (age,city,email,interests,password,region) values (40,'Campbellshire','luis07@example.org','nearly, purpose, real','*0&qFKt69q','Mississippi')
1718797759182|3|commit|
1718797759195|1|statement|insert into utilisateur (age,city,email,interests,password,region) values (21,'North Edwinmouth','johnsmith@example.com','not, several, system','$8AXOe6#K0','New Jersey')
1718797759198|2|commit|
1718797759209|1|statement|insert into utilisateur (age,city,email,interests,password,region) values (52,'Port David','susan74@example.com','rich, choice, process','+U9IR6Xq4+','Washington')
1718797759212|2|commit|
1718797759223|1|statement|insert into utilisateur (age,city,email,interests,password,region) values (23,'Kennethshire','randallbolton@example.org','sometimes, while, defense','p&0ErvYk35','Indiana')
1718797759227|3|commit|
1718797759238|1|statement|insert into utilisateur (age,city,email,interests,password,region) values (25,'North Timothy','ufischer@example.net','leg, with, system','s)(3RZrtNq','South Carolina')
1718797759240|2|commit|
1718797759251|1|statement|insert into utilisateur (age,city,email,interests,password,region) values (61,'Kristineland','bphillips@example.net','draw, available, base','Gk5*AmrD_c','Montana')
1718797759254|2|commit|
1718797759264|1|statement|insert into utilisateur (age,city,email,interests,password,region) values (34,'West Jessicaborough','jlarsen@example.net','explain, record, billion','I9aGcFfE#*','California')
1718797759269|3|commit|
1718799460870|0|rollback|
1718799483073|1|statement|insert into utilisateur (age,city,email,interests,password,region) values (0,'string','string','string','string','string')
1718799483078|3|commit|
1718799484941|1|statement|insert into utilisateur (age,city,email,interests,password,region) values (0,'string','string','string','string','string')
1718799484948|6|commit|
1718799488791|1|statement|insert into utilisateur (age,city,email,interests,password,region) values (0,'string','string','string','string','string')
1718799488799|6|commit|
1718799489431|1|statement|insert into utilisateur (age,city,email,interests,password,region) values (0,'string','string','string','string','string')
1718799489439|6|commit|
1718799655358|2|statement|select u1_0.utilisateur_id,u1_0.age,u1_0.city,u1_0.email,u1_0.interests,u1_0.password,u1_0.region from utilisateur u1_0 where u1_0.utilisateur_id=1
1718799655360|1|commit|
1718799655375|1|statement|update utilisateur set age=0,city='string',email='string',interests='string',password='string',region='string' where utilisateur_id=1
1718799655384|7|commit|
1718799772067|9|statement|select * from information_schema.sequences
1718799772125|2|statement|select * from "public"."utilisateur" where 1=0
1718799772138|1|statement|select * from "public"."utilisateur" where 1=0
1718799783022|5|statement|insert into utilisateur (age,city,email,interests,password,region) values (51,'Markmouth','cynthia16@example.com','structure, agree, yet','e)f9O4Bm&8','West Virginia')
1718799783048|10|commit|
1718799783087|1|statement|insert into utilisateur (age,city,email,interests,password,region) values (49,'New Dannybury','patricia13@example.org','rather, base, drive','zj!S1VXyq1','Arizona')
1718799783090|2|commit|
1718799783100|1|statement|insert into utilisateur (age,city,email,interests,password,region) values (24,'East Crystalborough','cmiller@example.com','stock, important, ok','0M1CtOSk!5','Montana')
1718799783105|4|commit|
1718799783115|1|statement|insert into utilisateur (age,city,email,interests,password,region) values (53,'Julieburgh','amber38@example.com','allow, suffer, agency','T*3wH+HT!r','Louisiana')
1718799783118|3|commit|
1718799783127|1|statement|insert into utilisateur (age,city,email,interests,password,region) values (30,'West Victoriahaven','amandamonroe@example.org','magazine, hospital, myself','2AYyxr!e#1','New Mexico')
1718799783130|2|commit|
1718799783139|1|statement|insert into utilisateur (age,city,email,interests,password,region) values (30,'Campbellview','campbellrussell@example.net','local, however, account','i^Y+D2Wg0(','Michigan')
1718799783142|2|commit|
1718799783150|1|statement|insert into utilisateur (age,city,email,interests,password,region) values (53,'East Danielbury','smithjulia@example.org','age, light, interesting','w&4OKAhn+7','Nebraska')
1718799783152|2|commit|
1718799783162|1|statement|insert into utilisateur (age,city,email,interests,password,region) values (21,'Clarkville','lgomez@example.net','note, now, themselves','!7H1pnnbH%','Kentucky')
1718799783167|3|commit|
1718799783176|1|statement|insert into utilisateur (age,city,email,interests,password,region) values (54,'Port Jameschester','lisa73@example.com','stuff, without, hit','(ABO6eR2(7','Kentucky')
1718799783178|1|commit|
1718799783188|1|statement|insert into utilisateur (age,city,email,interests,password,region) values (30,'West Brendachester','danielthomas@example.com','story, foot, spend',')cW+KH4zY2','Wyoming')
1718799783209|19|commit|
1718799796932|2|statement|select u1_0.utilisateur_id,u1_0.age,u1_0.city,u1_0.email,u1_0.interests,u1_0.password,u1_0.region from utilisateur u1_0 where u1_0.utilisateur_id=1
1718799796952|1|commit|
1718799800299|0|commit|
1718799841549|1|statement|select u1_0.utilisateur_id,u1_0.age,u1_0.city,u1_0.email,u1_0.interests,u1_0.password,u1_0.region from utilisateur u1_0 where u1_0.utilisateur_id=1
1718799841551|1|commit|
1718799841552|0|commit|
1718799842442|1|statement|select u1_0.utilisateur_id,u1_0.age,u1_0.city,u1_0.email,u1_0.interests,u1_0.password,u1_0.region from utilisateur u1_0 where u1_0.utilisateur_id=1
1718799842444|1|commit|
1718799842445|0|commit|
1718799846670|1|statement|select u1_0.utilisateur_id,u1_0.age,u1_0.city,u1_0.email,u1_0.interests,u1_0.password,u1_0.region from utilisateur u1_0 where u1_0.utilisateur_id=2
1718799846671|1|commit|
1718799846682|1|statement|update utilisateur set age=0,city='string',email='string',interests='string',password='string',region='string' where utilisateur_id=2
1718799846692|7|commit|
1718799849182|1|statement|select u1_0.utilisateur_id,u1_0.age,u1_0.city,u1_0.email,u1_0.interests,u1_0.password,u1_0.region from utilisateur u1_0 where u1_0.utilisateur_id=2
1718799849184|1|commit|
1718799849185|0|commit|
1718799849724|1|statement|select u1_0.utilisateur_id,u1_0.age,u1_0.city,u1_0.email,u1_0.interests,u1_0.password,u1_0.region from utilisateur u1_0 where u1_0.utilisateur_id=2
1718799849726|0|commit|
1718799849726|0|commit|
1718799849896|1|statement|select u1_0.utilisateur_id,u1_0.age,u1_0.city,u1_0.email,u1_0.interests,u1_0.password,u1_0.region from utilisateur u1_0 where u1_0.utilisateur_id=2
1718799849897|1|commit|
1718799849898|0|commit|
1718799850059|1|statement|select u1_0.utilisateur_id,u1_0.age,u1_0.city,u1_0.email,u1_0.interests,u1_0.password,u1_0.region from utilisateur u1_0 where u1_0.utilisateur_id=2
1718799850061|1|commit|
1718799850061|0|commit|
1718799850247|1|statement|select u1_0.utilisateur_id,u1_0.age,u1_0.city,u1_0.email,u1_0.interests,u1_0.password,u1_0.region from utilisateur u1_0 where u1_0.utilisateur_id=2
1718799850249|1|commit|
1718799850250|0|commit|
1718799850410|1|statement|select u1_0.utilisateur_id,u1_0.age,u1_0.city,u1_0.email,u1_0.interests,u1_0.password,u1_0.region from utilisateur u1_0 where u1_0.utilisateur_id=2
1718799850412|1|commit|
1718799850413|0|commit|
1718799850554|1|statement|select u1_0.utilisateur_id,u1_0.age,u1_0.city,u1_0.email,u1_0.interests,u1_0.password,u1_0.region from utilisateur u1_0 where u1_0.utilisateur_id=2
1718799850556|1|commit|
1718799850556|0|commit|
1718799870887|1|statement|select u1_0.utilisateur_id,u1_0.age,u1_0.city,u1_0.email,u1_0.interests,u1_0.password,u1_0.region from utilisateur u1_0 offset 0 rows fetch first 10 rows only
1718799870903|1|statement|select count(u1_0.utilisateur_id) from utilisateur u1_0
1718799870906|1|commit|
1718799870918|1|statement|insert into utilisateur (age,city,email,interests,password,region) values (55,'East Bryan','thall@example.org','mouth, voice, property','%QEz+LsdV7','Wyoming')
1718799870926|7|commit|
1718799870936|1|statement|insert into utilisateur (age,city,email,interests,password,region) values (64,'Glennmouth','danielhensley@example.com','hot, western, movie','IOCtHvP7#1','Alabama')
1718799870939|2|commit|
1718799911437|1|statement|insert into utilisateur (age,city,email,interests,password,region) values (47,'Rogersbury','mark76@example.net','first, magazine, cultural','5m4UJjmw#U','Michigan')
1718799911445|7|commit|
1718799925771|1|statement|insert into utilisateur (age,city,email,interests,password,region) values (51,'Maryburgh','taylor83@example.com','key, stage, reason','3gV0mYfo_9','Michigan')
1718799925779|6|commit|
1718800046393|1|statement|insert into utilisateur (age,city,email,interests,password,region) values (19,'Brownborough','gilbertalexis@example.net','bag, rest, conference','Ws62zAgke_','North Carolina')
1718800046400|7|commit|
1718800103158|1|statement|insert into utilisateur (age,city,email,interests,password,region) values (19,'Katherineshire','blankenshipdonna@example.org','per, western, care','qU8XQu!d_o','Pennsylvania')
1718800103165|6|commit|
1718800133320|1|statement|insert into utilisateur (age,city,email,interests,password,region) values (42,'Schmidtport','edwardsrachel@example.org','season, drop, tend','#*4ZMECtB_','Washington')
1718800133327|6|commit|
1718800144165|1|statement|insert into utilisateur (age,city,email,interests,password,region) values (60,'Sandersfort','bhanson@example.com','pressure, possible, many','L37J5C2u*I','New Jersey')
1718800144169|2|commit|
1718800212380|1|statement|insert into utilisateur (age,city,email,interests,password,region) values (65,'Munozhaven','levans@example.com','score, beyond, seat','n7aZdvpQ$m','South Dakota')
1718800212388|6|commit|
1718800295634|6|statement|select * from information_schema.sequences
1718800295685|1|statement|select * from "public"."utilisateur" where 1=0
1718800295697|1|statement|select * from "public"."utilisateur" where 1=0
1718800299204|3|statement|select u1_0.utilisateur_id,u1_0.age,u1_0.city,u1_0.email,u1_0.interests,u1_0.password,u1_0.region from utilisateur u1_0 offset 0 rows fetch first 10 rows only
1718800299230|2|commit|
1718800299428|3|statement|insert into utilisateur (age,city,email,interests,password,region) values (58,'Valeriechester','youngrobert@example.org','project, thought, their','K6Hnf8%O(0','Louisiana')
1718800299452|7|commit|
1718800299491|2|statement|select u1_0.utilisateur_id,u1_0.age,u1_0.city,u1_0.email,u1_0.interests,u1_0.password,u1_0.region from utilisateur u1_0 where u1_0.utilisateur_id=107
1718800299495|1|commit|
1718800303807|1|statement|insert into utilisateur (age,city,email,interests,password,region) values (22,'Brooksberg','xtownsend@example.com','bit, yet, develop','m)1RP7PuTe','Florida')
1718800303816|7|commit|
1718800309297|1|statement|insert into utilisateur (age,city,email,interests,password,region) values (30,'Port Jefferyville','colesarah@example.com','dream, behind, role','!qUeUgI9S7','Kentucky')
1718800309305|7|commit|
1718800313328|1|statement|insert into utilisateur (age,city,email,interests,password,region) values (55,'North Sean','laurabeck@example.net','crime, produce, dinner','%MB^MjWMy6','Michigan')
1718800313335|6|commit|
1718800511252|7|statement|select * from information_schema.sequences
1718800511310|2|statement|select * from "public"."utilisateur" where 1=0
1718800511324|1|statement|select * from "public"."utilisateur" where 1=0
1718800515003|4|statement|select u1_0.utilisateur_id,u1_0.age,u1_0.city,u1_0.email,u1_0.interests,u1_0.password,u1_0.region from utilisateur u1_0 offset 0 rows fetch first 10 rows only
1718800515041|2|statement|select count(u1_0.utilisateur_id) from utilisateur u1_0
1718800515052|2|commit|
1718800515229|3|statement|insert into utilisateur (age,city,email,interests,password,region) values (65,'Lake Mark','bpark@example.com','necessary, go, fear','&MEmhVLeg8','Louisiana')
1718800515277|7|commit|
1718800515306|1|statement|select u1_0.utilisateur_id,u1_0.age,u1_0.city,u1_0.email,u1_0.interests,u1_0.password,u1_0.region from utilisateur u1_0 where u1_0.utilisateur_id=111
1718800515309|1|commit|
1718800518276|1|statement|insert into utilisateur (age,city,email,interests,password,region) values (39,'New Chadtown','hamiltondavid@example.net','hour, method, send','!yOKHMZ88p','Ohio')
1718800518283|7|commit|
1718800522335|1|statement|insert into utilisateur (age,city,email,interests,password,region) values (53,'Scotttown','cohenkristi@example.com','each, seem, work','Vz+HRLro_5','Wyoming')
1718800522343|7|commit|
1718800559398|8|statement|select * from information_schema.sequences
1718800559456|2|statement|select * from "public"."utilisateur" where 1=0
1718800559470|1|statement|select * from "public"."utilisateur" where 1=0
1718800563050|3|statement|select u1_0.utilisateur_id,u1_0.age,u1_0.city,u1_0.email,u1_0.interests,u1_0.password,u1_0.region from utilisateur u1_0 offset 0 rows fetch first 10 rows only
1718800563107|2|statement|select count(u1_0.utilisateur_id) from utilisateur u1_0
1718800563116|2|commit|
1718800563298|4|statement|insert into utilisateur (age,city,email,interests,password,region) values (39,'East William','eburgess@example.com','never, feel, meet','#65x2Fh^$a','New Hampshire')
1718800563339|7|commit|
1718800563377|2|statement|select u1_0.utilisateur_id,u1_0.age,u1_0.city,u1_0.email,u1_0.interests,u1_0.password,u1_0.region from utilisateur u1_0 where u1_0.utilisateur_id=114
1718800563381|1|commit|
1718800571047|1|statement|insert into utilisateur (age,city,email,interests,password,region) values (40,'East Tamaraport','jessicabaker@example.com','thousand, six, enter','O6JJLZqo!)','Louisiana')
1718800571054|6|commit|
1718800571066|1|statement|select u1_0.utilisateur_id,u1_0.age,u1_0.city,u1_0.email,u1_0.interests,u1_0.password,u1_0.region from utilisateur u1_0 where u1_0.utilisateur_id=115
1718800571067|1|commit|
1718800573576|1|statement|insert into utilisateur (age,city,email,interests,password,region) values (62,'New Ryanhaven','crystalmiller@example.net','culture, western, hope','y1QBbk7s^9','New Hampshire')
1718800573583|6|commit|
1718800573593|1|statement|select u1_0.utilisateur_id,u1_0.age,u1_0.city,u1_0.email,u1_0.interests,u1_0.password,u1_0.region from utilisateur u1_0 where u1_0.utilisateur_id=116
1718800573594|1|commit|
1718800595611|1|statement|insert into utilisateur (age,city,email,interests,password,region) values (0,'string','string','string','string','string')
1718800595619|6|commit|
1718800605459|2|statement|insert into utilisateur (age,city,email,interests,password,region) values (0,'string','string','string','string','string')
1718800605466|7|commit|
1718800605594|1|statement|insert into utilisateur (age,city,email,interests,password,region) values (0,'string','string','string','string','string')
1718800605602|6|commit|
1718800605755|1|statement|insert into utilisateur (age,city,email,interests,password,region) values (0,'string','string','string','string','string')
1718800605763|6|commit|
1718800605914|1|statement|insert into utilisateur (age,city,email,interests,password,region) values (0,'string','string','string','string','string')
1718800605921|6|commit|
1718801251793|5|statement|select * from information_schema.sequences
1718801251832|1|statement|select * from "public"."utilisateur" where 1=0
1718801251841|1|statement|select * from "public"."utilisateur" where 1=0
1718801256523|2|statement|select u1_0.utilisateur_id,u1_0.age,u1_0.city,u1_0.email,u1_0.interests,u1_0.password,u1_0.region from utilisateur u1_0 offset 0 rows fetch first 10 rows only
1718801256556|1|statement|select count(u1_0.utilisateur_id) from utilisateur u1_0
1718801256566|2|commit|
1718801256761|3|statement|insert into utilisateur (age,city,email,interests,password,region) values (43,'East Gregory','kchristensen@example.net','new, foot, short','(65HpHuUqE','Vermont')
1718801256785|7|commit|
1718801256813|2|statement|select u1_0.utilisateur_id,u1_0.age,u1_0.city,u1_0.email,u1_0.interests,u1_0.password,u1_0.region from utilisateur u1_0 where u1_0.utilisateur_id=122
1718801256816|1|commit|
1718801259170|1|statement|select u1_0.utilisateur_id,u1_0.age,u1_0.city,u1_0.email,u1_0.interests,u1_0.password,u1_0.region from utilisateur u1_0 offset 0 rows fetch first 10 rows only
1718801259173|1|statement|select count(u1_0.utilisateur_id) from utilisateur u1_0
1718801259175|0|commit|
1718801259187|1|statement|insert into utilisateur (age,city,email,interests,password,region) values (54,'Sotochester','annahaynes@example.org','right, human, start','+6R5Uir*+S','Mississippi')
1718801259195|7|commit|
1718801259205|1|statement|select u1_0.utilisateur_id,u1_0.age,u1_0.city,u1_0.email,u1_0.interests,u1_0.password,u1_0.region from utilisateur u1_0 where u1_0.utilisateur_id=123
1718801259207|1|commit|
1718801261303|1|statement|select u1_0.utilisateur_id,u1_0.age,u1_0.city,u1_0.email,u1_0.interests,u1_0.password,u1_0.region from utilisateur u1_0 offset 0 rows fetch first 10 rows only
1718801261307|1|statement|select count(u1_0.utilisateur_id) from utilisateur u1_0
1718801261309|1|commit|
1718801261321|1|statement|insert into utilisateur (age,city,email,interests,password,region) values (49,'North Cassandra','wallacecarrie@example.net','happen, matter, Mr','^6)D%eP%E8','Colorado')
1718801261329|7|commit|
1718801261340|1|statement|select u1_0.utilisateur_id,u1_0.age,u1_0.city,u1_0.email,u1_0.interests,u1_0.password,u1_0.region from utilisateur u1_0 where u1_0.utilisateur_id=124
1718801261342|1|commit|
